# JRE version: Java(TM) SE Runtime Environment (21.0.2+13) (build 21.0.2+13-LTS-58)
# Java VM: Java HotSpot(TM) 64-Bit Server VM (21.0.2+13-LTS-58, mixed mode, sharing, tiered, compressed class ptrs, g1 gc, bsd-aarch64)
GC Precious Log:
 CardTable entry size: 512
 Card Set container configuration: InlinePtr #cards 3 size 8 Array Of Cards #cards 256 size 528 Howl #buckets 8 coarsen threshold 58982 Howl Bitmap #cards 8192 size 1040 coarsen threshold 7372 Card regions per heap region 1 cards per card region 65536
 CPUs: 10 total, 10 available
 Memory: 16384M
 Large Page Support: Disabled
 NUMA Support: Disabled
 Compressed Oops: Disabled
 Heap Region Size: 32M
 Heap Min Capacity: 32M
 Heap Initial Capacity: 256M
 Heap Max Capacity: 128G
 Pre-touch: Disabled
 Parallel Workers: 9
 Concurrent Workers: 2
 Concurrent Refinement Workers: 9
 Periodic GC: Disabled
Heap:
 garbage-first heap   total 131072K, used 7960K [0x0000007000000000, 0x0000009000000000)
  region size 32768K, 1 young (32768K), 0 survivors (0K)
 Metaspace       used 2848K, committed 3072K, reserved 1114112K
  class space    used 274K, committed 384K, reserved 1048576K
GC Heap History (20 events):
Event: 9.862 GC heap before
{Heap before GC invocations=18 (full 17):
 garbage-first heap   total 131072K, used 7960K [0x0000007000000000, 0x0000009000000000)
  region size 32768K, 1 young (32768K), 0 survivors (0K)
 Metaspace       used 2745K, committed 3008K, reserved 1114112K
  class space    used 259K, committed 384K, reserved 1048576K
}
Event: 9.871 GC heap after
{Heap after GC invocations=19 (full 18):
 garbage-first heap   total 131072K, used 7960K [0x0000007000000000, 0x0000009000000000)
  region size 32768K, 0 young (0K), 0 survivors (0K)
 Metaspace       used 2745K, committed 3008K, reserved 1114112K
  class space    used 259K, committed 384K, reserved 1048576K
}
Event: 11.556 GC heap before
{Heap before GC invocations=19 (full 18):
 garbage-first heap   total 131072K, used 7960K [0x0000007000000000, 0x0000009000000000)
  region size 32768K, 1 young (32768K), 0 survivors (0K)
 Metaspace       used 2745K, committed 3008K, reserved 1114112K
  class space    used 259K, committed 384K, reserved 1048576K
}
Event: 11.564 GC heap after
{Heap after GC invocations=20 (full 19):
 garbage-first heap   total 131072K, used 7960K [0x0000007000000000, 0x0000009000000000)
  region size 32768K, 0 young (0K), 0 survivors (0K)
 Metaspace       used 2745K, committed 3008K, reserved 1114112K
  class space    used 259K, committed 384K, reserved 1048576K
}
Event: 14.999 GC heap before
{Heap before GC invocations=20 (full 19):
 garbage-first heap   total 131072K, used 7960K [0x0000007000000000, 0x0000009000000000)
  region size 32768K, 1 young (32768K), 0 survivors (0K)
 Metaspace       used 2745K, committed 3008K, reserved 1114112K
  class space    used 259K, committed 384K, reserved 1048576K
}
Event: 15.006 GC heap after
{Heap after GC invocations=21 (full 20):
 garbage-first heap   total 131072K, used 7960K [0x0000007000000000, 0x0000009000000000)
  region size 32768K, 0 young (0K), 0 survivors (0K)
 Metaspace       used 2745K, committed 3008K, reserved 1114112K
  class space    used 259K, committed 384K, reserved 1048576K
}
Event: 23.788 GC heap before
{Heap before GC invocations=21 (full 20):
 garbage-first heap   total 131072K, used 7960K [0x0000007000000000, 0x0000009000000000)
  region size 32768K, 1 young (32768K), 0 survivors (0K)
 Metaspace       used 2746K, committed 3008K, reserved 1114112K
  class space    used 259K, committed 384K, reserved 1048576K
}
Event: 23.796 GC heap after
{Heap after GC invocations=22 (full 21):
 garbage-first heap   total 131072K, used 7960K [0x0000007000000000, 0x0000009000000000)
  region size 32768K, 0 young (0K), 0 survivors (0K)
 Metaspace       used 2746K, committed 3008K, reserved 1114112K
  class space    used 259K, committed 384K, reserved 1048576K
}
Event: 24.692 GC heap before
{Heap before GC invocations=22 (full 21):
 garbage-first heap   total 131072K, used 7960K [0x0000007000000000, 0x0000009000000000)
  region size 32768K, 1 young (32768K), 0 survivors (0K)
 Metaspace       used 2746K, committed 3008K, reserved 1114112K
  class space    used 259K, committed 384K, reserved 1048576K
}
Event: 24.701 GC heap after
{Heap after GC invocations=23 (full 22):
 garbage-first heap   total 131072K, used 7960K [0x0000007000000000, 0x0000009000000000)
  region size 32768K, 0 young (0K), 0 survivors (0K)
 Metaspace       used 2746K, committed 3008K, reserved 1114112K
  class space    used 259K, committed 384K, reserved 1048576K
}
Event: 29.828 GC heap before
{Heap before GC invocations=23 (full 22):
 garbage-first heap   total 131072K, used 7960K [0x0000007000000000, 0x0000009000000000)
  region size 32768K, 1 young (32768K), 0 survivors (0K)
 Metaspace       used 2746K, committed 3008K, reserved 1114112K
  class space    used 259K, committed 384K, reserved 1048576K
}
Event: 29.836 GC heap after
{Heap after GC invocations=24 (full 23):
 garbage-first heap   total 131072K, used 7960K [0x0000007000000000, 0x0000009000000000)
  region size 32768K, 0 young (0K), 0 survivors (0K)
 Metaspace       used 2746K, committed 3008K, reserved 1114112K
  class space    used 259K, committed 384K, reserved 1048576K
}
Event: 30.749 GC heap before
{Heap before GC invocations=24 (full 23):
 garbage-first heap   total 131072K, used 7960K [0x0000007000000000, 0x0000009000000000)
  region size 32768K, 1 young (32768K), 0 survivors (0K)
 Metaspace       used 2748K, committed 3008K, reserved 1114112K
  class space    used 259K, committed 384K, reserved 1048576K
}
Event: 30.757 GC heap after
{Heap after GC invocations=25 (full 24):
 garbage-first heap   total 131072K, used 7960K [0x0000007000000000, 0x0000009000000000)
  region size 32768K, 0 young (0K), 0 survivors (0K)
 Metaspace       used 2748K, committed 3008K, reserved 1114112K
  class space    used 259K, committed 384K, reserved 1048576K
}
Event: 33.414 GC heap before
{Heap before GC invocations=25 (full 24):
 garbage-first heap   total 131072K, used 7960K [0x0000007000000000, 0x0000009000000000)
  region size 32768K, 1 young (32768K), 0 survivors (0K)
 Metaspace       used 2748K, committed 3008K, reserved 1114112K
  class space    used 259K, committed 384K, reserved 1048576K
}
Event: 33.423 GC heap after
{Heap after GC invocations=26 (full 25):
 garbage-first heap   total 131072K, used 7960K [0x0000007000000000, 0x0000009000000000)
  region size 32768K, 0 young (0K), 0 survivors (0K)
 Metaspace       used 2748K, committed 3008K, reserved 1114112K
  class space    used 259K, committed 384K, reserved 1048576K
}
Event: 34.321 GC heap before
{Heap before GC invocations=26 (full 25):
 garbage-first heap   total 131072K, used 7960K [0x0000007000000000, 0x0000009000000000)
  region size 32768K, 1 young (32768K), 0 survivors (0K)
 Metaspace       used 2748K, committed 3008K, reserved 1114112K
  class space    used 259K, committed 384K, reserved 1048576K
}
Event: 34.328 GC heap after
{Heap after GC invocations=27 (full 26):
 garbage-first heap   total 131072K, used 7960K [0x0000007000000000, 0x0000009000000000)
  region size 32768K, 0 young (0K), 0 survivors (0K)
 Metaspace       used 2748K, committed 3008K, reserved 1114112K
  class space    used 259K, committed 384K, reserved 1048576K
}
Event: 38.050 GC heap before
{Heap before GC invocations=27 (full 26):
 garbage-first heap   total 131072K, used 7960K [0x0000007000000000, 0x0000009000000000)
  region size 32768K, 1 young (32768K), 0 survivors (0K)
 Metaspace       used 2748K, committed 3008K, reserved 1114112K
  class space    used 259K, committed 384K, reserved 1048576K
}
Event: 38.058 GC heap after
{Heap after GC invocations=28 (full 27):
 garbage-first heap   total 131072K, used 7960K [0x0000007000000000, 0x0000009000000000)
  region size 32768K, 0 young (0K), 0 survivors (0K)
 Metaspace       used 2748K, committed 3008K, reserved 1114112K
  class space    used 259K, committed 384K, reserved 1048576K
}

