# JRE version: Java(TM) SE Runtime Environment (21.0.2+13) (build 21.0.2+13-LTS-58)
# Java VM: Java HotSpot(TM) 64-Bit Server VM (21.0.2+13-LTS-58, mixed mode, sharing, tiered, compressed class ptrs, g1 gc, bsd-aarch64)
GC Precious Log:
 CardTable entry size: 512
 Card Set container configuration: InlinePtr #cards 3 size 8 Array Of Cards #cards 256 size 528 Howl #buckets 8 coarsen threshold 58982 Howl Bitmap #cards 8192 size 1040 coarsen threshold 7372 Card regions per heap region 1 cards per card region 65536
 CPUs: 10 total, 10 available
 Memory: 16384M
 Large Page Support: Disabled
 NUMA Support: Disabled
 Compressed Oops: Disabled
 Heap Region Size: 32M
 Heap Min Capacity: 32M
 Heap Initial Capacity: 256M
 Heap Max Capacity: 128G
 Pre-touch: Disabled
 Parallel Workers: 9
 Concurrent Workers: 2
 Concurrent Refinement Workers: 9
 Periodic GC: Disabled
Heap:
 garbage-first heap   total 131072K, used 7961K [0x0000007000000000, 0x0000009000000000)
  region size 32768K, 1 young (32768K), 0 survivors (0K)
 Metaspace       used 2857K, committed 3072K, reserved 1114112K
  class space    used 274K, committed 384K, reserved 1048576K
GC Heap History (20 events):
Event: 220.831 GC heap before
{Heap before GC invocations=30 (full 29):
 garbage-first heap   total 131072K, used 7961K [0x0000007000000000, 0x0000009000000000)
  region size 32768K, 1 young (32768K), 0 survivors (0K)
 Metaspace       used 2759K, committed 3008K, reserved 1114112K
  class space    used 259K, committed 384K, reserved 1048576K
}
Event: 220.840 GC heap after
{Heap after GC invocations=31 (full 30):
 garbage-first heap   total 131072K, used 7961K [0x0000007000000000, 0x0000009000000000)
  region size 32768K, 0 young (0K), 0 survivors (0K)
 Metaspace       used 2759K, committed 3008K, reserved 1114112K
  class space    used 259K, committed 384K, reserved 1048576K
}
Event: 230.729 GC heap before
{Heap before GC invocations=31 (full 30):
 garbage-first heap   total 131072K, used 7961K [0x0000007000000000, 0x0000009000000000)
  region size 32768K, 1 young (32768K), 0 survivors (0K)
 Metaspace       used 2759K, committed 3008K, reserved 1114112K
  class space    used 259K, committed 384K, reserved 1048576K
}
Event: 230.739 GC heap after
{Heap after GC invocations=32 (full 31):
 garbage-first heap   total 131072K, used 7961K [0x0000007000000000, 0x0000009000000000)
  region size 32768K, 0 young (0K), 0 survivors (0K)
 Metaspace       used 2759K, committed 3008K, reserved 1114112K
  class space    used 259K, committed 384K, reserved 1048576K
}
Event: 241.973 GC heap before
{Heap before GC invocations=32 (full 31):
 garbage-first heap   total 131072K, used 7961K [0x0000007000000000, 0x0000009000000000)
  region size 32768K, 1 young (32768K), 0 survivors (0K)
 Metaspace       used 2759K, committed 3008K, reserved 1114112K
  class space    used 259K, committed 384K, reserved 1048576K
}
Event: 241.982 GC heap after
{Heap after GC invocations=33 (full 32):
 garbage-first heap   total 131072K, used 7961K [0x0000007000000000, 0x0000009000000000)
  region size 32768K, 0 young (0K), 0 survivors (0K)
 Metaspace       used 2759K, committed 3008K, reserved 1114112K
  class space    used 259K, committed 384K, reserved 1048576K
}
Event: 250.191 GC heap before
{Heap before GC invocations=33 (full 32):
 garbage-first heap   total 131072K, used 7961K [0x0000007000000000, 0x0000009000000000)
  region size 32768K, 1 young (32768K), 0 survivors (0K)
 Metaspace       used 2759K, committed 3008K, reserved 1114112K
  class space    used 259K, committed 384K, reserved 1048576K
}
Event: 250.204 GC heap after
{Heap after GC invocations=34 (full 33):
 garbage-first heap   total 131072K, used 7961K [0x0000007000000000, 0x0000009000000000)
  region size 32768K, 0 young (0K), 0 survivors (0K)
 Metaspace       used 2759K, committed 3008K, reserved 1114112K
  class space    used 259K, committed 384K, reserved 1048576K
}
Event: 258.989 GC heap before
{Heap before GC invocations=34 (full 33):
 garbage-first heap   total 131072K, used 7961K [0x0000007000000000, 0x0000009000000000)
  region size 32768K, 1 young (32768K), 0 survivors (0K)
 Metaspace       used 2759K, committed 3008K, reserved 1114112K
  class space    used 259K, committed 384K, reserved 1048576K
}
Event: 258.999 GC heap after
{Heap after GC invocations=35 (full 34):
 garbage-first heap   total 131072K, used 7961K [0x0000007000000000, 0x0000009000000000)
  region size 32768K, 0 young (0K), 0 survivors (0K)
 Metaspace       used 2759K, committed 3008K, reserved 1114112K
  class space    used 259K, committed 384K, reserved 1048576K
}
Event: 268.647 GC heap before
{Heap before GC invocations=35 (full 34):
 garbage-first heap   total 131072K, used 7961K [0x0000007000000000, 0x0000009000000000)
  region size 32768K, 1 young (32768K), 0 survivors (0K)
 Metaspace       used 2759K, committed 3008K, reserved 1114112K
  class space    used 259K, committed 384K, reserved 1048576K
}
Event: 268.658 GC heap after
{Heap after GC invocations=36 (full 35):
 garbage-first heap   total 131072K, used 7961K [0x0000007000000000, 0x0000009000000000)
  region size 32768K, 0 young (0K), 0 survivors (0K)
 Metaspace       used 2759K, committed 3008K, reserved 1114112K
  class space    used 259K, committed 384K, reserved 1048576K
}
Event: 278.149 GC heap before
{Heap before GC invocations=36 (full 35):
 garbage-first heap   total 131072K, used 7961K [0x0000007000000000, 0x0000009000000000)
  region size 32768K, 1 young (32768K), 0 survivors (0K)
 Metaspace       used 2759K, committed 3008K, reserved 1114112K
  class space    used 259K, committed 384K, reserved 1048576K
}
Event: 278.159 GC heap after
{Heap after GC invocations=37 (full 36):
 garbage-first heap   total 131072K, used 7961K [0x0000007000000000, 0x0000009000000000)
  region size 32768K, 0 young (0K), 0 survivors (0K)
 Metaspace       used 2759K, committed 3008K, reserved 1114112K
  class space    used 259K, committed 384K, reserved 1048576K
}
Event: 287.923 GC heap before
{Heap before GC invocations=37 (full 36):
 garbage-first heap   total 131072K, used 7961K [0x0000007000000000, 0x0000009000000000)
  region size 32768K, 1 young (32768K), 0 survivors (0K)
 Metaspace       used 2759K, committed 3008K, reserved 1114112K
  class space    used 259K, committed 384K, reserved 1048576K
}
Event: 287.934 GC heap after
{Heap after GC invocations=38 (full 37):
 garbage-first heap   total 131072K, used 7961K [0x0000007000000000, 0x0000009000000000)
  region size 32768K, 0 young (0K), 0 survivors (0K)
 Metaspace       used 2759K, committed 3008K, reserved 1114112K
  class space    used 259K, committed 384K, reserved 1048576K
}
Event: 297.088 GC heap before
{Heap before GC invocations=38 (full 37):
 garbage-first heap   total 131072K, used 7961K [0x0000007000000000, 0x0000009000000000)
  region size 32768K, 1 young (32768K), 0 survivors (0K)
 Metaspace       used 2759K, committed 3008K, reserved 1114112K
  class space    used 259K, committed 384K, reserved 1048576K
}
Event: 297.098 GC heap after
{Heap after GC invocations=39 (full 38):
 garbage-first heap   total 131072K, used 7961K [0x0000007000000000, 0x0000009000000000)
  region size 32768K, 0 young (0K), 0 survivors (0K)
 Metaspace       used 2759K, committed 3008K, reserved 1114112K
  class space    used 259K, committed 384K, reserved 1048576K
}
Event: 306.403 GC heap before
{Heap before GC invocations=39 (full 38):
 garbage-first heap   total 131072K, used 7961K [0x0000007000000000, 0x0000009000000000)
  region size 32768K, 1 young (32768K), 0 survivors (0K)
 Metaspace       used 2759K, committed 3008K, reserved 1114112K
  class space    used 259K, committed 384K, reserved 1048576K
}
Event: 306.412 GC heap after
{Heap after GC invocations=40 (full 39):
 garbage-first heap   total 131072K, used 7961K [0x0000007000000000, 0x0000009000000000)
  region size 32768K, 0 young (0K), 0 survivors (0K)
 Metaspace       used 2759K, committed 3008K, reserved 1114112K
  class space    used 259K, committed 384K, reserved 1048576K
}

